Determining if the Q_WS_WIN exist failed with the following output:
Change Dir: /home/nvidia/Desktop/Gstreamer/1_hello_world/build/CMakeFiles/CMakeTmp

Run Build Command:"/usr/bin/make" "cmTC_c65ad/fast"
/usr/bin/make -f CMakeFiles/cmTC_c65ad.dir/build.make CMakeFiles/cmTC_c65ad.dir/build
make[1]: Entering directory '/home/nvidia/Desktop/Gstreamer/1_hello_world/build/CMakeFiles/CMakeTmp'
Building CXX object CMakeFiles/cmTC_c65ad.dir/CheckSymbolExists.cxx.o
/usr/bin/c++    -I/usr/include/qt4  -std=c++11 -std=c++0x -lz    -o CMakeFiles/cmTC_c65ad.dir/CheckSymbolExists.cxx.o -c /home/nvidia/Desktop/Gstreamer/1_hello_world/build/CMakeFiles/CMakeTmp/CheckSymbolExists.cxx
/home/nvidia/Desktop/Gstreamer/1_hello_world/build/CMakeFiles/CMakeTmp/CheckSymbolExists.cxx: In function ‘int main(int, char**)’:
/home/nvidia/Desktop/Gstreamer/1_hello_world/build/CMakeFiles/CMakeTmp/CheckSymbolExists.cxx:8:19: error: ‘Q_WS_WIN’ was not declared in this scope
   return ((int*)(&Q_WS_WIN))[argc];
                   ^
CMakeFiles/cmTC_c65ad.dir/build.make:65: recipe for target 'CMakeFiles/cmTC_c65ad.dir/CheckSymbolExists.cxx.o' failed
make[1]: *** [CMakeFiles/cmTC_c65ad.dir/CheckSymbolExists.cxx.o] Error 1
make[1]: Leaving directory '/home/nvidia/Desktop/Gstreamer/1_hello_world/build/CMakeFiles/CMakeTmp'
Makefile:126: recipe for target 'cmTC_c65ad/fast' failed
make: *** [cmTC_c65ad/fast] Error 2

File /home/nvidia/Desktop/Gstreamer/1_hello_world/build/CMakeFiles/CMakeTmp/CheckSymbolExists.cxx:
/* */
#include <QtCore/qglobal.h>

int main(int argc, char** argv)
{
  (void)argv;
#ifndef Q_WS_WIN
  return ((int*)(&Q_WS_WIN))[argc];
#else
  (void)argc;
  return 0;
#endif
}

Determining if the Q_WS_QWS exist failed with the following output:
Change Dir: /home/nvidia/Desktop/Gstreamer/1_hello_world/build/CMakeFiles/CMakeTmp

Run Build Command:"/usr/bin/make" "cmTC_4b7c0/fast"
/usr/bin/make -f CMakeFiles/cmTC_4b7c0.dir/build.make CMakeFiles/cmTC_4b7c0.dir/build
make[1]: Entering directory '/home/nvidia/Desktop/Gstreamer/1_hello_world/build/CMakeFiles/CMakeTmp'
Building CXX object CMakeFiles/cmTC_4b7c0.dir/CheckSymbolExists.cxx.o
/usr/bin/c++    -I/usr/include/qt4  -std=c++11 -std=c++0x -lz    -o CMakeFiles/cmTC_4b7c0.dir/CheckSymbolExists.cxx.o -c /home/nvidia/Desktop/Gstreamer/1_hello_world/build/CMakeFiles/CMakeTmp/CheckSymbolExists.cxx
/home/nvidia/Desktop/Gstreamer/1_hello_world/build/CMakeFiles/CMakeTmp/CheckSymbolExists.cxx: In function ‘int main(int, char**)’:
/home/nvidia/Desktop/Gstreamer/1_hello_world/build/CMakeFiles/CMakeTmp/CheckSymbolExists.cxx:8:19: error: ‘Q_WS_QWS’ was not declared in this scope
   return ((int*)(&Q_WS_QWS))[argc];
                   ^
CMakeFiles/cmTC_4b7c0.dir/build.make:65: recipe for target 'CMakeFiles/cmTC_4b7c0.dir/CheckSymbolExists.cxx.o' failed
make[1]: *** [CMakeFiles/cmTC_4b7c0.dir/CheckSymbolExists.cxx.o] Error 1
make[1]: Leaving directory '/home/nvidia/Desktop/Gstreamer/1_hello_world/build/CMakeFiles/CMakeTmp'
Makefile:126: recipe for target 'cmTC_4b7c0/fast' failed
make: *** [cmTC_4b7c0/fast] Error 2

File /home/nvidia/Desktop/Gstreamer/1_hello_world/build/CMakeFiles/CMakeTmp/CheckSymbolExists.cxx:
/* */
#include <QtCore/qglobal.h>

int main(int argc, char** argv)
{
  (void)argv;
#ifndef Q_WS_QWS
  return ((int*)(&Q_WS_QWS))[argc];
#else
  (void)argc;
  return 0;
#endif
}

Determining if the Q_WS_MAC exist failed with the following output:
Change Dir: /home/nvidia/Desktop/Gstreamer/1_hello_world/build/CMakeFiles/CMakeTmp

Run Build Command:"/usr/bin/make" "cmTC_cedc6/fast"
/usr/bin/make -f CMakeFiles/cmTC_cedc6.dir/build.make CMakeFiles/cmTC_cedc6.dir/build
make[1]: Entering directory '/home/nvidia/Desktop/Gstreamer/1_hello_world/build/CMakeFiles/CMakeTmp'
Building CXX object CMakeFiles/cmTC_cedc6.dir/CheckSymbolExists.cxx.o
/usr/bin/c++    -I/usr/include/qt4  -std=c++11 -std=c++0x -lz    -o CMakeFiles/cmTC_cedc6.dir/CheckSymbolExists.cxx.o -c /home/nvidia/Desktop/Gstreamer/1_hello_world/build/CMakeFiles/CMakeTmp/CheckSymbolExists.cxx
/home/nvidia/Desktop/Gstreamer/1_hello_world/build/CMakeFiles/CMakeTmp/CheckSymbolExists.cxx: In function ‘int main(int, char**)’:
/home/nvidia/Desktop/Gstreamer/1_hello_world/build/CMakeFiles/CMakeTmp/CheckSymbolExists.cxx:8:19: error: ‘Q_WS_MAC’ was not declared in this scope
   return ((int*)(&Q_WS_MAC))[argc];
                   ^
CMakeFiles/cmTC_cedc6.dir/build.make:65: recipe for target 'CMakeFiles/cmTC_cedc6.dir/CheckSymbolExists.cxx.o' failed
make[1]: *** [CMakeFiles/cmTC_cedc6.dir/CheckSymbolExists.cxx.o] Error 1
make[1]: Leaving directory '/home/nvidia/Desktop/Gstreamer/1_hello_world/build/CMakeFiles/CMakeTmp'
Makefile:126: recipe for target 'cmTC_cedc6/fast' failed
make: *** [cmTC_cedc6/fast] Error 2

File /home/nvidia/Desktop/Gstreamer/1_hello_world/build/CMakeFiles/CMakeTmp/CheckSymbolExists.cxx:
/* */
#include <QtCore/qglobal.h>

int main(int argc, char** argv)
{
  (void)argv;
#ifndef Q_WS_MAC
  return ((int*)(&Q_WS_MAC))[argc];
#else
  (void)argc;
  return 0;
#endif
}

Determining if the pthread_create exist failed with the following output:
Change Dir: /home/nvidia/Desktop/Gstreamer/1_hello_world/build/CMakeFiles/CMakeTmp

Run Build Command:"/usr/bin/make" "cmTC_ec087/fast"
/usr/bin/make -f CMakeFiles/cmTC_ec087.dir/build.make CMakeFiles/cmTC_ec087.dir/build
make[1]: Entering directory '/home/nvidia/Desktop/Gstreamer/1_hello_world/build/CMakeFiles/CMakeTmp'
Building C object CMakeFiles/cmTC_ec087.dir/CheckSymbolExists.c.o
/usr/bin/cc    -fPIC    -o CMakeFiles/cmTC_ec087.dir/CheckSymbolExists.c.o   -c /home/nvidia/Desktop/Gstreamer/1_hello_world/build/CMakeFiles/CMakeTmp/CheckSymbolExists.c
Linking C executable cmTC_ec087
/usr/bin/cmake -E cmake_link_script CMakeFiles/cmTC_ec087.dir/link.txt --verbose=1
/usr/bin/cc  -fPIC     CMakeFiles/cmTC_ec087.dir/CheckSymbolExists.c.o  -o cmTC_ec087 -rdynamic 
CMakeFiles/cmTC_ec087.dir/CheckSymbolExists.c.o: In function `main':
CheckSymbolExists.c:(.text+0x14): undefined reference to `pthread_create'
CheckSymbolExists.c:(.text+0x18): undefined reference to `pthread_create'
collect2: error: ld returned 1 exit status
CMakeFiles/cmTC_ec087.dir/build.make:97: recipe for target 'cmTC_ec087' failed
make[1]: *** [cmTC_ec087] Error 1
make[1]: Leaving directory '/home/nvidia/Desktop/Gstreamer/1_hello_world/build/CMakeFiles/CMakeTmp'
Makefile:126: recipe for target 'cmTC_ec087/fast' failed
make: *** [cmTC_ec087/fast] Error 2

File /home/nvidia/Desktop/Gstreamer/1_hello_world/build/CMakeFiles/CMakeTmp/CheckSymbolExists.c:
/* */
#include <pthread.h>

int main(int argc, char** argv)
{
  (void)argv;
#ifndef pthread_create
  return ((int*)(&pthread_create))[argc];
#else
  (void)argc;
  return 0;
#endif
}

Determining if the function pthread_create exists in the pthreads failed with the following output:
Change Dir: /home/nvidia/Desktop/Gstreamer/1_hello_world/build/CMakeFiles/CMakeTmp

Run Build Command:"/usr/bin/make" "cmTC_d8631/fast"
/usr/bin/make -f CMakeFiles/cmTC_d8631.dir/build.make CMakeFiles/cmTC_d8631.dir/build
make[1]: Entering directory '/home/nvidia/Desktop/Gstreamer/1_hello_world/build/CMakeFiles/CMakeTmp'
Building C object CMakeFiles/cmTC_d8631.dir/CheckFunctionExists.c.o
/usr/bin/cc    -fPIC -DCHECK_FUNCTION_EXISTS=pthread_create   -o CMakeFiles/cmTC_d8631.dir/CheckFunctionExists.c.o   -c /usr/share/cmake-3.5/Modules/CheckFunctionExists.c
Linking C executable cmTC_d8631
/usr/bin/cmake -E cmake_link_script CMakeFiles/cmTC_d8631.dir/link.txt --verbose=1
/usr/bin/cc  -fPIC -DCHECK_FUNCTION_EXISTS=pthread_create    CMakeFiles/cmTC_d8631.dir/CheckFunctionExists.c.o  -o cmTC_d8631 -rdynamic -lpthreads 
/usr/bin/ld: cannot find -lpthreads
collect2: error: ld returned 1 exit status
CMakeFiles/cmTC_d8631.dir/build.make:97: recipe for target 'cmTC_d8631' failed
make[1]: *** [cmTC_d8631] Error 1
make[1]: Leaving directory '/home/nvidia/Desktop/Gstreamer/1_hello_world/build/CMakeFiles/CMakeTmp'
Makefile:126: recipe for target 'cmTC_d8631/fast' failed
make: *** [cmTC_d8631/fast] Error 2


